Performing C SOURCE FILE Test CMAKE_HAVE_LIBC_PTHREAD failed with the following output:
Change Dir: /home/demo/mavros_controllers_ws/build/mav_system_msgs/CMakeFiles/CMakeTmp

Run Build Command(s):/usr/bin/make -f Makefile cmTC_ab9fc/fast && /usr/bin/make  -f CMakeFiles/cmTC_ab9fc.dir/build.make CMakeFiles/cmTC_ab9fc.dir/build
make[1]: Entering directory '/home/demo/mavros_controllers_ws/build/mav_system_msgs/CMakeFiles/CMakeTmp'
Building C object CMakeFiles/cmTC_ab9fc.dir/src.c.o
/usr/lib/ccache/cc -DCMAKE_HAVE_LIBC_PTHREAD  -I/usr/local/cuda-11.4/include  -o CMakeFiles/cmTC_ab9fc.dir/src.c.o -c /home/demo/mavros_controllers_ws/build/mav_system_msgs/CMakeFiles/CMakeTmp/src.c
Linking C executable cmTC_ab9fc
/usr/local/bin/cmake -E cmake_link_script CMakeFiles/cmTC_ab9fc.dir/link.txt --verbose=1
/usr/lib/ccache/cc -I/usr/local/cuda-11.4/include  -rdynamic CMakeFiles/cmTC_ab9fc.dir/src.c.o -o cmTC_ab9fc 
CMakeFiles/cmTC_ab9fc.dir/src.c.o: In function `main':
src.c:(.text+0x3e): undefined reference to `pthread_create'
src.c:(.text+0x4a): undefined reference to `pthread_detach'
src.c:(.text+0x56): undefined reference to `pthread_cancel'
src.c:(.text+0x67): undefined reference to `pthread_join'
src.c:(.text+0x7b): undefined reference to `pthread_atfork'
collect2: error: ld returned 1 exit status
CMakeFiles/cmTC_ab9fc.dir/build.make:98: recipe for target 'cmTC_ab9fc' failed
make[1]: *** [cmTC_ab9fc] Error 1
make[1]: Leaving directory '/home/demo/mavros_controllers_ws/build/mav_system_msgs/CMakeFiles/CMakeTmp'
Makefile:127: recipe for target 'cmTC_ab9fc/fast' failed
make: *** [cmTC_ab9fc/fast] Error 2


Source file was:
#include <pthread.h>

static void* test_func(void* data)
{
  return data;
}

int main(void)
{
  pthread_t thread;
  pthread_create(&thread, NULL, test_func, NULL);
  pthread_detach(thread);
  pthread_cancel(thread);
  pthread_join(thread, NULL);
  pthread_atfork(NULL, NULL, NULL);
  pthread_exit(NULL);

  return 0;
}

Determining if the function pthread_create exists in the pthreads failed with the following output:
Change Dir: /home/demo/mavros_controllers_ws/build/mav_system_msgs/CMakeFiles/CMakeTmp

Run Build Command(s):/usr/bin/make -f Makefile cmTC_0cfc7/fast && /usr/bin/make  -f CMakeFiles/cmTC_0cfc7.dir/build.make CMakeFiles/cmTC_0cfc7.dir/build
make[1]: Entering directory '/home/demo/mavros_controllers_ws/build/mav_system_msgs/CMakeFiles/CMakeTmp'
Building C object CMakeFiles/cmTC_0cfc7.dir/CheckFunctionExists.c.o
/usr/lib/ccache/cc   -I/usr/local/cuda-11.4/include -DCHECK_FUNCTION_EXISTS=pthread_create -o CMakeFiles/cmTC_0cfc7.dir/CheckFunctionExists.c.o -c /usr/local/share/cmake-3.20/Modules/CheckFunctionExists.c
Linking C executable cmTC_0cfc7
/usr/local/bin/cmake -E cmake_link_script CMakeFiles/cmTC_0cfc7.dir/link.txt --verbose=1
/usr/lib/ccache/cc -I/usr/local/cuda-11.4/include -DCHECK_FUNCTION_EXISTS=pthread_create -rdynamic CMakeFiles/cmTC_0cfc7.dir/CheckFunctionExists.c.o -o cmTC_0cfc7  -lpthreads 
/usr/bin/ld: cannot find -lpthreads
collect2: error: ld returned 1 exit status
CMakeFiles/cmTC_0cfc7.dir/build.make:98: recipe for target 'cmTC_0cfc7' failed
make[1]: *** [cmTC_0cfc7] Error 1
make[1]: Leaving directory '/home/demo/mavros_controllers_ws/build/mav_system_msgs/CMakeFiles/CMakeTmp'
Makefile:127: recipe for target 'cmTC_0cfc7/fast' failed
make: *** [cmTC_0cfc7/fast] Error 2



