[  0%] Built target visualization_msgs_generate_messages_py
[  0%] Built target diagnostic_msgs_generate_messages_eus
[ 20%] [34m[1mGenerating dynamic reconfigure files from cfg/GeometricController.cfg: /home/demo/mavros_controllers_ws/devel/include/geometric_controller/GeometricControllerConfig.h /home/demo/mavros_controllers_ws/devel/lib/python2.7/dist-packages/geometric_controller/cfg/GeometricControllerConfig.py[0m
[ 20%] Built target visualization_msgs_generate_messages_nodejs
[ 20%] Built target visualization_msgs_generate_messages_lisp
[ 20%] Built target trajectory_msgs_generate_messages_lisp
[ 20%] Built target trajectory_msgs_generate_messages_nodejs
[ 20%] Built target nav_msgs_generate_messages_lisp
[ 20%] Built target trajectory_msgs_generate_messages_cpp
[ 20%] Built target visualization_msgs_generate_messages_eus
[ 20%] Built target nav_msgs_generate_messages_eus
[ 20%] Built target mavros_msgs_generate_messages_py
[ 20%] Built target nav_msgs_generate_messages_cpp
[ 20%] Built target uuid_msgs_generate_messages_nodejs
[ 20%] Built target uuid_msgs_generate_messages_py
[ 20%] Built target mavros_msgs_generate_messages_nodejs
[ 20%] Built target mavros_msgs_generate_messages_eus
[ 20%] Built target geographic_msgs_generate_messages_py
[ 20%] Built target geographic_msgs_generate_messages_nodejs
[ 20%] Built target geographic_msgs_generate_messages_eus
[ 20%] Built target uuid_msgs_generate_messages_lisp
[ 20%] Built target nav_msgs_generate_messages_nodejs
[ 20%] Built target diagnostic_msgs_generate_messages_nodejs
[ 20%] Built target std_msgs_generate_messages_py
[ 20%] Built target dynamic_reconfigure_gencfg
[ 20%] Built target diagnostic_msgs_generate_messages_py
[ 20%] Built target sensor_msgs_generate_messages_cpp
[ 20%] Built target std_msgs_generate_messages_lisp
[ 20%] Built target std_msgs_generate_messages_nodejs
[ 20%] Built target geometry_msgs_generate_messages_eus
[ 20%] Built target std_msgs_generate_messages_cpp
[ 20%] Built target actionlib_generate_messages_cpp
[ 20%] Built target tf2_msgs_generate_messages_cpp
[ 20%] Built target actionlib_msgs_generate_messages_py
[ 20%] Built target geographic_msgs_generate_messages_cpp
[ 20%] Built target mavros_msgs_generate_messages_lisp
[ 20%] Built target rosgraph_msgs_generate_messages_nodejs
[ 20%] Built target roscpp_generate_messages_lisp
[ 20%] Built target tf_generate_messages_eus
[ 20%] Built target dynamic_reconfigure_generate_messages_lisp
[ 20%] Built target actionlib_generate_messages_lisp
[ 20%] Built target rosgraph_msgs_generate_messages_lisp
[ 20%] Built target diagnostic_msgs_generate_messages_cpp
[ 20%] Built target actionlib_msgs_generate_messages_eus
[ 20%] Built target dynamic_reconfigure_generate_messages_py
[ 20%] Built target trajectory_msgs_generate_messages_eus
[ 20%] Built target rosgraph_msgs_generate_messages_py
[ 20%] Built target uuid_msgs_generate_messages_eus
[ 20%] Built target roscpp_generate_messages_cpp
[ 20%] Built target uuid_msgs_generate_messages_cpp
[ 20%] Built target roscpp_generate_messages_py
[ 20%] Built target roscpp_generate_messages_eus
[ 20%] Built target nav_msgs_generate_messages_py
[ 20%] Built target tf_generate_messages_lisp
[ 20%] Built target dynamic_reconfigure_generate_messages_cpp
[ 20%] Built target geographic_msgs_generate_messages_lisp
Generating reconfiguration files for GeometricController in geometric_controller
[ 20%] Built target roscpp_generate_messages_nodejs
[ 20%] Built target rosgraph_msgs_generate_messages_eus
[ 20%] Built target tf_generate_messages_nodejs
Wrote header file in /home/demo/mavros_controllers_ws/devel/include/geometric_controller/GeometricControllerConfig.h
[ 20%] Built target tf_generate_messages_cpp
[ 20%] Built target geometry_msgs_generate_messages_lisp
[ 20%] Built target geometry_msgs_generate_messages_cpp
[ 20%] Built target tf2_msgs_generate_messages_py
[ 20%] Built target dynamic_reconfigure_generate_messages_nodejs
[ 20%] Built target mavros_msgs_generate_messages_cpp
[ 20%] Built target dynamic_reconfigure_generate_messages_eus
[ 20%] Built target geometry_msgs_generate_messages_py
[ 20%] Built target tf2_msgs_generate_messages_eus
[ 20%] Built target sensor_msgs_generate_messages_py
[ 20%] Built target visualization_msgs_generate_messages_cpp
[ 20%] Built target geometry_msgs_generate_messages_nodejs
[ 20%] Built target sensor_msgs_generate_messages_eus
[ 20%] Built target sensor_msgs_generate_messages_lisp
[ 20%] Built target sensor_msgs_generate_messages_nodejs
[ 20%] Built target geometric_controller_gencfg
[ 20%] Built target trajectory_msgs_generate_messages_py
[ 20%] Built target actionlib_msgs_generate_messages_cpp
[ 20%] Built target std_msgs_generate_messages_eus
[ 20%] Built target actionlib_generate_messages_eus
[ 20%] Built target tf_generate_messages_py
[ 20%] Built target actionlib_generate_messages_nodejs
[ 20%] Built target rosgraph_msgs_generate_messages_cpp
[ 20%] Built target actionlib_msgs_generate_messages_nodejs
[ 20%] Built target actionlib_generate_messages_py
[ 20%] Built target diagnostic_msgs_generate_messages_lisp
[ 20%] Built target actionlib_msgs_generate_messages_lisp
[ 20%] Built target tf2_msgs_generate_messages_lisp
[ 20%] Built target tf2_msgs_generate_messages_nodejs
[ 40%] [32mBuilding CXX object CMakeFiles/geometric_controller.dir/src/geometric_controller.cpp.o[0m
[ 60%] [32m[1mLinking CXX shared library /home/demo/mavros_controllers_ws/devel/lib/libgeometric_controller.so[0m
[ 60%] Built target geometric_controller
[ 80%] [32mBuilding CXX object CMakeFiles/geometric_controller_node.dir/src/geometric_controller_node.cpp.o[0m
[100%] [32m[1mLinking CXX executable /home/demo/mavros_controllers_ws/devel/lib/geometric_controller/geometric_controller_node[0m
[100%] Built target geometric_controller_node
