[  0%] Built target std_msgs_generate_messages_eus
[  0%] Built target geometry_msgs_generate_messages_eus
[  0%] Built target sensor_msgs_generate_messages_py
[  0%] Built target sensor_msgs_generate_messages_eus
[  0%] Built target sensor_msgs_generate_messages_lisp
[  0%] Built target std_msgs_generate_messages_lisp
[  0%] Built target std_msgs_generate_messages_nodejs
[  0%] Built target geometry_msgs_generate_messages_nodejs
[  0%] Built target sensor_msgs_generate_messages_nodejs
[  0%] Built target std_msgs_generate_messages_cpp
[  0%] Built target geometry_msgs_generate_messages_cpp
[  0%] Built target geometry_msgs_generate_messages_lisp
[  0%] Built target sensor_msgs_generate_messages_cpp
[  0%] Built target geometry_msgs_generate_messages_py
[  0%] Built target std_msgs_generate_messages_py
[  0%] Built target _controller_msgs_generate_messages_check_deps_FlatTarget
[ 14%] [34m[1mGenerating EusLisp code from controller_msgs/FlatTarget.msg[0m
[ 28%] [34m[1mGenerating EusLisp manifest code for controller_msgs[0m
[ 42%] [34m[1mGenerating Javascript code from controller_msgs/FlatTarget.msg[0m
[ 57%] [34m[1mGenerating Python from MSG controller_msgs/FlatTarget[0m
[ 71%] [34m[1mGenerating C++ code from controller_msgs/FlatTarget.msg[0m
[ 85%] [34m[1mGenerating Lisp code from controller_msgs/FlatTarget.msg[0m
[ 85%] Built target controller_msgs_generate_messages_lisp
[ 85%] Built target controller_msgs_generate_messages_nodejs
[100%] [34m[1mGenerating Python msg __init__.py for controller_msgs[0m
[100%] Built target controller_msgs_generate_messages_cpp
[100%] Built target controller_msgs_generate_messages_py
[100%] Built target controller_msgs_generate_messages_eus
[100%] Built target controller_msgs_generate_messages
